\BOOKMARK [0][-]{chapter.1}{\376\377\000N\000a\000m\000e\000s\000p\000a\000c\000e\000\040\000I\000n\000d\000e\000x}{}
\BOOKMARK [1][-]{section.1.1}{\376\377\000N\000a\000m\000e\000s\000p\000a\000c\000e\000\040\000L\000i\000s\000t}{chapter.1}
\BOOKMARK [0][-]{chapter.2}{\376\377\000F\000i\000l\000e\000\040\000I\000n\000d\000e\000x}{}
\BOOKMARK [1][-]{section.2.1}{\376\377\000F\000i\000l\000e\000\040\000L\000i\000s\000t}{chapter.2}
\BOOKMARK [0][-]{chapter.3}{\376\377\000N\000a\000m\000e\000s\000p\000a\000c\000e\000\040\000D\000o\000c\000u\000m\000e\000n\000t\000a\000t\000i\000o\000n}{}
\BOOKMARK [1][-]{section.3.1}{\376\377\000s\000i\000e\000p\000\137\000m\000o\000d\000e\000l\000\040\000N\000a\000m\000e\000s\000p\000a\000c\000e\000\040\000R\000e\000f\000e\000r\000e\000n\000c\000e}{chapter.3}
\BOOKMARK [2][-]{subsection.3.1.1}{\376\377\000D\000e\000t\000a\000i\000l\000e\000d\000\040\000D\000e\000s\000c\000r\000i\000p\000t\000i\000o\000n}{section.3.1}
\BOOKMARK [0][-]{chapter.4}{\376\377\000F\000i\000l\000e\000\040\000D\000o\000c\000u\000m\000e\000n\000t\000a\000t\000i\000o\000n}{}
\BOOKMARK [1][-]{section.4.1}{\376\377\000s\000i\000e\000p\000\137\000c\000u\000r\000v\000e\000s\000.\000h\000\040\000F\000i\000l\000e\000\040\000R\000e\000f\000e\000r\000e\000n\000c\000e}{chapter.4}
\BOOKMARK [2][-]{subsection.4.1.1}{\376\377\000D\000e\000t\000a\000i\000l\000e\000d\000\040\000D\000e\000s\000c\000r\000i\000p\000t\000i\000o\000n}{section.4.1}
\BOOKMARK [2][-]{subsection.4.1.2}{\376\377\000F\000u\000n\000c\000t\000i\000o\000n\000\040\000D\000o\000c\000u\000m\000e\000n\000t\000a\000t\000i\000o\000n}{section.4.1}
\BOOKMARK [3][-]{subsubsection.4.1.2.1}{\376\377\000c\000c\000\137\000l\000w\000\137\000n\000e\000g\000\137\000s\000i\000e\000p}{subsection.4.1.2}
\BOOKMARK [3][-]{subsubsection.4.1.2.2}{\376\377\000c\000c\000\137\000l\000w\000\137\000p\000o\000s\000\137\000s\000i\000e\000p}{subsection.4.1.2}
\BOOKMARK [3][-]{subsubsection.4.1.2.3}{\376\377\000c\000c\000\137\000r\000a\000d\000\137\000s\000i\000e\000p}{subsection.4.1.2}
\BOOKMARK [3][-]{subsubsection.4.1.2.4}{\376\377\000c\000c\000\137\000t\000a\000n\000\137\000s\000i\000e\000p}{subsection.4.1.2}
\BOOKMARK [3][-]{subsubsection.4.1.2.5}{\376\377\000r\000\137\000c\000c\000r\000\137\000s\000i\000e\000p}{subsection.4.1.2}
\BOOKMARK [3][-]{subsubsection.4.1.2.6}{\376\377\000r\000\137\000c\000c\000t\000\137\000s\000i\000e\000p}{subsection.4.1.2}
\BOOKMARK [3][-]{subsubsection.4.1.2.7}{\376\377\000r\000\137\000t\000h\000\137\000s\000i\000e\000p}{subsection.4.1.2}
\BOOKMARK [1][-]{section.4.2}{\376\377\000s\000i\000e\000p\000\137\000i\000n\000v\000e\000r\000\137\000l\000e\000n\000s\000.\000h\000\040\000F\000i\000l\000e\000\040\000R\000e\000f\000e\000r\000e\000n\000c\000e}{chapter.4}
\BOOKMARK [2][-]{subsection.4.2.1}{\376\377\000D\000e\000t\000a\000i\000l\000e\000d\000\040\000D\000e\000s\000c\000r\000i\000p\000t\000i\000o\000n}{section.4.2}
\BOOKMARK [1][-]{section.4.3}{\376\377\000s\000i\000e\000p\000\137\000l\000e\000n\000s\000\137\000f\000u\000n\000c\000t\000.\000h\000\040\000F\000i\000l\000e\000\040\000R\000e\000f\000e\000r\000e\000n\000c\000e}{chapter.4}
\BOOKMARK [2][-]{subsection.4.3.1}{\376\377\000D\000e\000t\000a\000i\000l\000e\000d\000\040\000D\000e\000s\000c\000r\000i\000p\000t\000i\000o\000n}{section.4.3}
\BOOKMARK [2][-]{subsection.4.3.2}{\376\377\000F\000u\000n\000c\000t\000i\000o\000n\000\040\000D\000o\000c\000u\000m\000e\000n\000t\000a\000t\000i\000o\000n}{section.4.3}
\BOOKMARK [3][-]{subsubsection.4.3.2.1}{\376\377\000a\000l\000p\000h\000a\0001\000\137\000s\000i\000e\000p}{subsection.4.3.2}
\BOOKMARK [3][-]{subsubsection.4.3.2.2}{\376\377\000a\000l\000p\000h\000a\0002\000\137\000s\000i\000e\000p}{subsection.4.3.2}
\BOOKMARK [3][-]{subsubsection.4.3.2.3}{\376\377\000a\000l\000p\000h\000a\000\137\000s\000i\000s}{subsection.4.3.2}
\BOOKMARK [3][-]{subsubsection.4.3.2.4}{\376\377\000g\000a\000m\000m\000a\0001\000\137\000s\000i\000e\000p}{subsection.4.3.2}
\BOOKMARK [3][-]{subsubsection.4.3.2.5}{\376\377\000g\000a\000m\000m\000a\0002\000\137\000s\000i\000e\000p}{subsection.4.3.2}
\BOOKMARK [3][-]{subsubsection.4.3.2.6}{\376\377\000g\000a\000m\000m\000a\000\137\000s\000i\000e\000p}{subsection.4.3.2}
\BOOKMARK [3][-]{subsubsection.4.3.2.7}{\376\377\000g\000a\000m\000m\000a\000\137\000s\000i\000s}{subsection.4.3.2}
\BOOKMARK [3][-]{subsubsection.4.3.2.8}{\376\377\000k\000a\000p\000p\000a\000\137\000s\000i\000e\000p}{subsection.4.3.2}
\BOOKMARK [3][-]{subsubsection.4.3.2.9}{\376\377\000k\000a\000p\000p\000a\000\137\000s\000i\000s}{subsection.4.3.2}
\BOOKMARK [3][-]{subsubsection.4.3.2.10}{\376\377\000y\0001\000\137\000s\000i\000e\000p}{subsection.4.3.2}
\BOOKMARK [3][-]{subsubsection.4.3.2.11}{\376\377\000y\0002\000\137\000s\000i\000e\000p}{subsection.4.3.2}
